Analysis & Synthesis report for experiment5
Fri Sep 16 11:15:59 2022
Quartus Prime Version 19.1.0 Build 670 09/22/2019 SJ Lite Edition


---------------------
; Table of Contents ;
---------------------
  1. Legal Notice
  2. Analysis & Synthesis Summary
  3. Analysis & Synthesis Settings
  4. Parallel Compilation
  5. Analysis & Synthesis Source Files Read
  6. Analysis & Synthesis Resource Usage Summary
  7. Analysis & Synthesis Resource Utilization by Entity
  8. General Register Statistics
  9. Inverted Register Statistics
 10. Parameter Settings for User Entity Instance: Top-level Entity: |experiment5
 11. Post-Synthesis Netlist Statistics for Top Partition
 12. Elapsed Time Per Partition
 13. Analysis & Synthesis Messages



----------------
; Legal Notice ;
----------------
Copyright (C) 2019  Intel Corporation. All rights reserved.
Your use of Intel Corporation's design tools, logic functions 
and other software and tools, and any partner logic 
functions, and any output files from any of the foregoing 
(including device programming or simulation files), and any 
associated documentation or information are expressly subject 
to the terms and conditions of the Intel Program License 
Subscription Agreement, the Intel Quartus Prime License Agreement,
the Intel FPGA IP License Agreement, or other applicable license
agreement, including, without limitation, that your use is for
the sole purpose of programming logic devices manufactured by
Intel and sold by Intel or its authorized distributors.  Please
refer to the applicable agreement for further details, at
https://fpgasoftware.intel.com/eula.



+----------------------------------------------------------------------------------+
; Analysis & Synthesis Summary                                                     ;
+------------------------------------+---------------------------------------------+
; Analysis & Synthesis Status        ; Successful - Fri Sep 16 11:15:59 2022       ;
; Quartus Prime Version              ; 19.1.0 Build 670 09/22/2019 SJ Lite Edition ;
; Revision Name                      ; experiment5                                 ;
; Top-level Entity Name              ; experiment5                                 ;
; Family                             ; Cyclone IV E                                ;
; Total logic elements               ; 150                                         ;
;     Total combinational functions  ; 118                                         ;
;     Dedicated logic registers      ; 92                                          ;
; Total registers                    ; 92                                          ;
; Total pins                         ; 88                                          ;
; Total virtual pins                 ; 0                                           ;
; Total memory bits                  ; 0                                           ;
; Embedded Multiplier 9-bit elements ; 0                                           ;
; Total PLLs                         ; 0                                           ;
+------------------------------------+---------------------------------------------+


+------------------------------------------------------------------------------------------------------------+
; Analysis & Synthesis Settings                                                                              ;
+------------------------------------------------------------------+--------------------+--------------------+
; Option                                                           ; Setting            ; Default Value      ;
+------------------------------------------------------------------+--------------------+--------------------+
; Device                                                           ; EP4CE115F29C7      ;                    ;
; Top-level entity name                                            ; experiment5        ; experiment5        ;
; Family name                                                      ; Cyclone IV E       ; Cyclone V          ;
; Maximum processors allowed for parallel compilation              ; All                ;                    ;
; Use smart compilation                                            ; Off                ; Off                ;
; Enable parallel Assembler and Timing Analyzer during compilation ; On                 ; On                 ;
; Enable compact report table                                      ; Off                ; Off                ;
; Restructure Multiplexers                                         ; Auto               ; Auto               ;
; Create Debugging Nodes for IP Cores                              ; Off                ; Off                ;
; Preserve fewer node names                                        ; On                 ; On                 ;
; Intel FPGA IP Evaluation Mode                                    ; Enable             ; Enable             ;
; Verilog Version                                                  ; Verilog_2001       ; Verilog_2001       ;
; VHDL Version                                                     ; VHDL_1993          ; VHDL_1993          ;
; State Machine Processing                                         ; Auto               ; Auto               ;
; Safe State Machine                                               ; Off                ; Off                ;
; Extract Verilog State Machines                                   ; On                 ; On                 ;
; Extract VHDL State Machines                                      ; On                 ; On                 ;
; Ignore Verilog initial constructs                                ; Off                ; Off                ;
; Iteration limit for constant Verilog loops                       ; 5000               ; 5000               ;
; Iteration limit for non-constant Verilog loops                   ; 250                ; 250                ;
; Add Pass-Through Logic to Inferred RAMs                          ; On                 ; On                 ;
; Infer RAMs from Raw Logic                                        ; On                 ; On                 ;
; Parallel Synthesis                                               ; On                 ; On                 ;
; DSP Block Balancing                                              ; Auto               ; Auto               ;
; NOT Gate Push-Back                                               ; On                 ; On                 ;
; Power-Up Don't Care                                              ; On                 ; On                 ;
; Remove Redundant Logic Cells                                     ; Off                ; Off                ;
; Remove Duplicate Registers                                       ; On                 ; On                 ;
; Ignore CARRY Buffers                                             ; Off                ; Off                ;
; Ignore CASCADE Buffers                                           ; Off                ; Off                ;
; Ignore GLOBAL Buffers                                            ; Off                ; Off                ;
; Ignore ROW GLOBAL Buffers                                        ; Off                ; Off                ;
; Ignore LCELL Buffers                                             ; Off                ; Off                ;
; Ignore SOFT Buffers                                              ; On                 ; On                 ;
; Limit AHDL Integers to 32 Bits                                   ; Off                ; Off                ;
; Optimization Technique                                           ; Balanced           ; Balanced           ;
; Carry Chain Length                                               ; 70                 ; 70                 ;
; Auto Carry Chains                                                ; On                 ; On                 ;
; Auto Open-Drain Pins                                             ; On                 ; On                 ;
; Perform WYSIWYG Primitive Resynthesis                            ; Off                ; Off                ;
; Auto ROM Replacement                                             ; On                 ; On                 ;
; Auto RAM Replacement                                             ; On                 ; On                 ;
; Auto DSP Block Replacement                                       ; On                 ; On                 ;
; Auto Shift Register Replacement                                  ; Auto               ; Auto               ;
; Allow Shift Register Merging across Hierarchies                  ; Auto               ; Auto               ;
; Auto Clock Enable Replacement                                    ; On                 ; On                 ;
; Strict RAM Replacement                                           ; Off                ; Off                ;
; Allow Synchronous Control Signals                                ; On                 ; On                 ;
; Force Use of Synchronous Clear Signals                           ; Off                ; Off                ;
; Auto RAM Block Balancing                                         ; On                 ; On                 ;
; Auto RAM to Logic Cell Conversion                                ; Off                ; Off                ;
; Auto Resource Sharing                                            ; Off                ; Off                ;
; Allow Any RAM Size For Recognition                               ; Off                ; Off                ;
; Allow Any ROM Size For Recognition                               ; Off                ; Off                ;
; Allow Any Shift Register Size For Recognition                    ; Off                ; Off                ;
; Use LogicLock Constraints during Resource Balancing              ; On                 ; On                 ;
; Ignore translate_off and synthesis_off directives                ; Off                ; Off                ;
; Timing-Driven Synthesis                                          ; On                 ; On                 ;
; Report Parameter Settings                                        ; On                 ; On                 ;
; Report Source Assignments                                        ; On                 ; On                 ;
; Report Connectivity Checks                                       ; On                 ; On                 ;
; Ignore Maximum Fan-Out Assignments                               ; Off                ; Off                ;
; Synchronization Register Chain Length                            ; 2                  ; 2                  ;
; Power Optimization During Synthesis                              ; Normal compilation ; Normal compilation ;
; HDL message level                                                ; Level2             ; Level2             ;
; Suppress Register Optimization Related Messages                  ; Off                ; Off                ;
; Number of Removed Registers Reported in Synthesis Report         ; 5000               ; 5000               ;
; Number of Swept Nodes Reported in Synthesis Report               ; 5000               ; 5000               ;
; Number of Inverted Registers Reported in Synthesis Report        ; 100                ; 100                ;
; Clock MUX Protection                                             ; On                 ; On                 ;
; Auto Gated Clock Conversion                                      ; Off                ; Off                ;
; Block Design Naming                                              ; Auto               ; Auto               ;
; SDC constraint protection                                        ; Off                ; Off                ;
; Synthesis Effort                                                 ; Auto               ; Auto               ;
; Shift Register Replacement - Allow Asynchronous Clear Signal     ; On                 ; On                 ;
; Pre-Mapping Resynthesis Optimization                             ; Off                ; Off                ;
; Analysis & Synthesis Message Level                               ; Medium             ; Medium             ;
; Disable Register Merging Across Hierarchies                      ; Auto               ; Auto               ;
; Resource Aware Inference For Block RAM                           ; On                 ; On                 ;
+------------------------------------------------------------------+--------------------+--------------------+


+------------------------------------------+
; Parallel Compilation                     ;
+----------------------------+-------------+
; Processors                 ; Number      ;
+----------------------------+-------------+
; Number detected on machine ; 8           ;
; Maximum allowed            ; 4           ;
;                            ;             ;
; Average used               ; 1.00        ;
; Maximum used               ; 4           ;
;                            ;             ;
; Usage by Processor         ; % Time Used ;
;     Processor 1            ; 100.0%      ;
;     Processors 2-4         ;   0.0%      ;
+----------------------------+-------------+


+--------------------------------------------------------------------------------------------------------------------------------------------------------------------------------------------------------------------------------+
; Analysis & Synthesis Source Files Read                                                                                                                                                                                         ;
+----------------------------------------+-----------------+------------------------------+----------------------------------------------------------------------------------------------------------------------------+---------+
; File Name with User-Entered Path       ; Used in Netlist ; File Type                    ; File Name with Absolute Path                                                                                               ; Library ;
+----------------------------------------+-----------------+------------------------------+----------------------------------------------------------------------------------------------------------------------------+---------+
; ../rtl/experiment5.sv                  ; yes             ; User SystemVerilog HDL File  ; C:/Users/abdel/OneDrive/Documents/McMaster/Year3/3DQ5/lab1-group05-tuesday/experiment5/rtl/experiment5.sv                  ;         ;
; ../rtl/convert_hex_to_seven_segment.sv ; yes             ; User SystemVerilog HDL File  ; C:/Users/abdel/OneDrive/Documents/McMaster/Year3/3DQ5/lab1-group05-tuesday/experiment5/rtl/convert_hex_to_seven_segment.sv ;         ;
+----------------------------------------+-----------------+------------------------------+----------------------------------------------------------------------------------------------------------------------------+---------+


+----------------------------------------------------------------+
; Analysis & Synthesis Resource Usage Summary                    ;
+---------------------------------------------+------------------+
; Resource                                    ; Usage            ;
+---------------------------------------------+------------------+
; Estimated Total logic elements              ; 150              ;
;                                             ;                  ;
; Total combinational functions               ; 118              ;
; Logic element usage by number of LUT inputs ;                  ;
;     -- 4 input functions                    ; 50               ;
;     -- 3 input functions                    ; 18               ;
;     -- <=2 input functions                  ; 50               ;
;                                             ;                  ;
; Logic elements by mode                      ;                  ;
;     -- normal mode                          ; 72               ;
;     -- arithmetic mode                      ; 46               ;
;                                             ;                  ;
; Total registers                             ; 92               ;
;     -- Dedicated logic registers            ; 92               ;
;     -- I/O registers                        ; 0                ;
;                                             ;                  ;
; I/O pins                                    ; 88               ;
;                                             ;                  ;
; Embedded Multiplier 9-bit elements          ; 0                ;
;                                             ;                  ;
; Maximum fan-out node                        ; CLOCK_50_I~input ;
; Maximum fan-out                             ; 92               ;
; Total fan-out                               ; 810              ;
; Average fan-out                             ; 2.10             ;
+---------------------------------------------+------------------+


+--------------------------------------------------------------------------------------------------------------------------------------------------------------------------------------------------------------------------------------------------------------------+
; Analysis & Synthesis Resource Utilization by Entity                                                                                                                                                                                                                ;
+-----------------------------------------+---------------------+---------------------------+-------------+--------------+---------+-----------+------+--------------+-------------------------------------------------+------------------------------+--------------+
; Compilation Hierarchy Node              ; Combinational ALUTs ; Dedicated Logic Registers ; Memory Bits ; DSP Elements ; DSP 9x9 ; DSP 18x18 ; Pins ; Virtual Pins ; Full Hierarchy Name                             ; Entity Name                  ; Library Name ;
+-----------------------------------------+---------------------+---------------------------+-------------+--------------+---------+-----------+------+--------------+-------------------------------------------------+------------------------------+--------------+
; |experiment5                            ; 118 (104)           ; 92 (92)                   ; 0           ; 0            ; 0       ; 0         ; 88   ; 0            ; |experiment5                                    ; experiment5                  ; work         ;
;    |convert_hex_to_seven_segment:unit0| ; 7 (7)               ; 0 (0)                     ; 0           ; 0            ; 0       ; 0         ; 0    ; 0            ; |experiment5|convert_hex_to_seven_segment:unit0 ; convert_hex_to_seven_segment ; work         ;
;    |convert_hex_to_seven_segment:unit1| ; 7 (7)               ; 0 (0)                     ; 0           ; 0            ; 0       ; 0         ; 0    ; 0            ; |experiment5|convert_hex_to_seven_segment:unit1 ; convert_hex_to_seven_segment ; work         ;
+-----------------------------------------+---------------------+---------------------------+-------------+--------------+---------+-----------+------+--------------+-------------------------------------------------+------------------------------+--------------+
Note: For table entries with two numbers listed, the numbers in parentheses indicate the number of resources of the given type used by the specific entity alone. The numbers listed outside of parentheses indicate the total resources of the given type used by the specific entity and all of its sub-entities in the hierarchy.


+------------------------------------------------------+
; General Register Statistics                          ;
+----------------------------------------------+-------+
; Statistic                                    ; Value ;
+----------------------------------------------+-------+
; Total registers                              ; 92    ;
; Number of registers using Synchronous Clear  ; 41    ;
; Number of registers using Synchronous Load   ; 0     ;
; Number of registers using Asynchronous Clear ; 91    ;
; Number of registers using Asynchronous Load  ; 0     ;
; Number of registers using Clock Enable       ; 39    ;
; Number of registers using Preset             ; 0     ;
+----------------------------------------------+-------+


+--------------------------------------------------+
; Inverted Register Statistics                     ;
+----------------------------------------+---------+
; Inverted Register                      ; Fan out ;
+----------------------------------------+---------+
; clock_1Hz_buf                          ; 1       ;
; clock_1Hz                              ; 3       ;
; clock_1kHz_buf                         ; 1       ;
; clock_1kHz                             ; 3       ;
; Total number of inverted registers = 4 ;         ;
+----------------------------------------+---------+


+-----------------------------------------------------------------------------+
; Parameter Settings for User Entity Instance: Top-level Entity: |experiment5 ;
+--------------------+----------+---------------------------------------------+
; Parameter Name     ; Value    ; Type                                        ;
+--------------------+----------+---------------------------------------------+
; MAX_1kHz_div_count ; 24999    ; Signed Integer                              ;
; MAX_1Hz_div_count  ; 24999999 ; Signed Integer                              ;
+--------------------+----------+---------------------------------------------+
Note: In order to hide this table in the UI and the text report file, please set the "Show Parameter Settings in Synthesis Report" option in "Analysis and Synthesis Settings -> More Settings" to "Off".


+-----------------------------------------------------+
; Post-Synthesis Netlist Statistics for Top Partition ;
+-----------------------+-----------------------------+
; Type                  ; Count                       ;
+-----------------------+-----------------------------+
; boundary_port         ; 88                          ;
; cycloneiii_ff         ; 92                          ;
;     CLR               ; 12                          ;
;     CLR SCLR          ; 41                          ;
;     ENA               ; 1                           ;
;     ENA CLR           ; 38                          ;
; cycloneiii_lcell_comb ; 122                         ;
;     arith             ; 46                          ;
;         2 data inputs ; 39                          ;
;         3 data inputs ; 7                           ;
;     normal            ; 76                          ;
;         0 data inputs ; 1                           ;
;         1 data inputs ; 8                           ;
;         2 data inputs ; 6                           ;
;         3 data inputs ; 11                          ;
;         4 data inputs ; 50                          ;
;                       ;                             ;
; Max LUT depth         ; 4.00                        ;
; Average LUT depth     ; 2.38                        ;
+-----------------------+-----------------------------+


+-------------------------------+
; Elapsed Time Per Partition    ;
+----------------+--------------+
; Partition Name ; Elapsed Time ;
+----------------+--------------+
; Top            ; 00:00:00     ;
+----------------+--------------+


+-------------------------------+
; Analysis & Synthesis Messages ;
+-------------------------------+
Info: *******************************************************************
Info: Running Quartus Prime Analysis & Synthesis
    Info: Version 19.1.0 Build 670 09/22/2019 SJ Lite Edition
    Info: Processing started: Fri Sep 16 11:15:50 2022
Info: Command: quartus_map --read_settings_files=on --write_settings_files=off experiment5 -c experiment5
Info (20030): Parallel compilation is enabled and will use 4 of the 4 processors detected
Info (12021): Found 1 design units, including 1 entities, in source file /users/abdel/onedrive/documents/mcmaster/year3/3dq5/lab1-group05-tuesday/experiment5/rtl/experiment5.sv
    Info (12023): Found entity 1: experiment5 File: C:/Users/abdel/OneDrive/Documents/McMaster/Year3/3DQ5/lab1-group05-tuesday/experiment5/rtl/experiment5.sv Line: 16
Info (12021): Found 1 design units, including 1 entities, in source file /users/abdel/onedrive/documents/mcmaster/year3/3dq5/lab1-group05-tuesday/experiment5/rtl/convert_hex_to_seven_segment.sv
    Info (12023): Found entity 1: convert_hex_to_seven_segment File: C:/Users/abdel/OneDrive/Documents/McMaster/Year3/3DQ5/lab1-group05-tuesday/experiment5/rtl/convert_hex_to_seven_segment.sv Line: 14
Info (12127): Elaborating entity "experiment5" for the top level hierarchy
Warning (10230): Verilog HDL assignment warning at experiment5.sv(214): truncated value with size 71 to match size of target (9) File: C:/Users/abdel/OneDrive/Documents/McMaster/Year3/3DQ5/lab1-group05-tuesday/experiment5/rtl/experiment5.sv Line: 214
Info (12128): Elaborating entity "convert_hex_to_seven_segment" for hierarchy "convert_hex_to_seven_segment:unit0" File: C:/Users/abdel/OneDrive/Documents/McMaster/Year3/3DQ5/lab1-group05-tuesday/experiment5/rtl/experiment5.sv Line: 198
Info (13000): Registers with preset signals will power-up high File: C:/Users/abdel/OneDrive/Documents/McMaster/Year3/3DQ5/lab1-group05-tuesday/experiment5/rtl/experiment5.sv Line: 38
Info (13003): DEV_CLRn pin will set, and not reset, register with preset signal due to NOT Gate Push-Back
Warning (13024): Output pins are stuck at VCC or GND
    Warning (13410): Pin "SEVEN_SEGMENT_N_O[2][0]" is stuck at VCC File: C:/Users/abdel/OneDrive/Documents/McMaster/Year3/3DQ5/lab1-group05-tuesday/experiment5/rtl/experiment5.sv Line: 25
    Warning (13410): Pin "SEVEN_SEGMENT_N_O[2][1]" is stuck at VCC File: C:/Users/abdel/OneDrive/Documents/McMaster/Year3/3DQ5/lab1-group05-tuesday/experiment5/rtl/experiment5.sv Line: 25
    Warning (13410): Pin "SEVEN_SEGMENT_N_O[2][2]" is stuck at VCC File: C:/Users/abdel/OneDrive/Documents/McMaster/Year3/3DQ5/lab1-group05-tuesday/experiment5/rtl/experiment5.sv Line: 25
    Warning (13410): Pin "SEVEN_SEGMENT_N_O[2][3]" is stuck at VCC File: C:/Users/abdel/OneDrive/Documents/McMaster/Year3/3DQ5/lab1-group05-tuesday/experiment5/rtl/experiment5.sv Line: 25
    Warning (13410): Pin "SEVEN_SEGMENT_N_O[2][4]" is stuck at VCC File: C:/Users/abdel/OneDrive/Documents/McMaster/Year3/3DQ5/lab1-group05-tuesday/experiment5/rtl/experiment5.sv Line: 25
    Warning (13410): Pin "SEVEN_SEGMENT_N_O[2][5]" is stuck at VCC File: C:/Users/abdel/OneDrive/Documents/McMaster/Year3/3DQ5/lab1-group05-tuesday/experiment5/rtl/experiment5.sv Line: 25
    Warning (13410): Pin "SEVEN_SEGMENT_N_O[2][6]" is stuck at VCC File: C:/Users/abdel/OneDrive/Documents/McMaster/Year3/3DQ5/lab1-group05-tuesday/experiment5/rtl/experiment5.sv Line: 25
    Warning (13410): Pin "SEVEN_SEGMENT_N_O[3][0]" is stuck at VCC File: C:/Users/abdel/OneDrive/Documents/McMaster/Year3/3DQ5/lab1-group05-tuesday/experiment5/rtl/experiment5.sv Line: 25
    Warning (13410): Pin "SEVEN_SEGMENT_N_O[3][1]" is stuck at VCC File: C:/Users/abdel/OneDrive/Documents/McMaster/Year3/3DQ5/lab1-group05-tuesday/experiment5/rtl/experiment5.sv Line: 25
    Warning (13410): Pin "SEVEN_SEGMENT_N_O[3][2]" is stuck at VCC File: C:/Users/abdel/OneDrive/Documents/McMaster/Year3/3DQ5/lab1-group05-tuesday/experiment5/rtl/experiment5.sv Line: 25
    Warning (13410): Pin "SEVEN_SEGMENT_N_O[3][3]" is stuck at VCC File: C:/Users/abdel/OneDrive/Documents/McMaster/Year3/3DQ5/lab1-group05-tuesday/experiment5/rtl/experiment5.sv Line: 25
    Warning (13410): Pin "SEVEN_SEGMENT_N_O[3][4]" is stuck at VCC File: C:/Users/abdel/OneDrive/Documents/McMaster/Year3/3DQ5/lab1-group05-tuesday/experiment5/rtl/experiment5.sv Line: 25
    Warning (13410): Pin "SEVEN_SEGMENT_N_O[3][5]" is stuck at VCC File: C:/Users/abdel/OneDrive/Documents/McMaster/Year3/3DQ5/lab1-group05-tuesday/experiment5/rtl/experiment5.sv Line: 25
    Warning (13410): Pin "SEVEN_SEGMENT_N_O[3][6]" is stuck at VCC File: C:/Users/abdel/OneDrive/Documents/McMaster/Year3/3DQ5/lab1-group05-tuesday/experiment5/rtl/experiment5.sv Line: 25
    Warning (13410): Pin "SEVEN_SEGMENT_N_O[4][0]" is stuck at VCC File: C:/Users/abdel/OneDrive/Documents/McMaster/Year3/3DQ5/lab1-group05-tuesday/experiment5/rtl/experiment5.sv Line: 25
    Warning (13410): Pin "SEVEN_SEGMENT_N_O[4][1]" is stuck at VCC File: C:/Users/abdel/OneDrive/Documents/McMaster/Year3/3DQ5/lab1-group05-tuesday/experiment5/rtl/experiment5.sv Line: 25
    Warning (13410): Pin "SEVEN_SEGMENT_N_O[4][2]" is stuck at VCC File: C:/Users/abdel/OneDrive/Documents/McMaster/Year3/3DQ5/lab1-group05-tuesday/experiment5/rtl/experiment5.sv Line: 25
    Warning (13410): Pin "SEVEN_SEGMENT_N_O[4][3]" is stuck at VCC File: C:/Users/abdel/OneDrive/Documents/McMaster/Year3/3DQ5/lab1-group05-tuesday/experiment5/rtl/experiment5.sv Line: 25
    Warning (13410): Pin "SEVEN_SEGMENT_N_O[4][4]" is stuck at VCC File: C:/Users/abdel/OneDrive/Documents/McMaster/Year3/3DQ5/lab1-group05-tuesday/experiment5/rtl/experiment5.sv Line: 25
    Warning (13410): Pin "SEVEN_SEGMENT_N_O[4][5]" is stuck at VCC File: C:/Users/abdel/OneDrive/Documents/McMaster/Year3/3DQ5/lab1-group05-tuesday/experiment5/rtl/experiment5.sv Line: 25
    Warning (13410): Pin "SEVEN_SEGMENT_N_O[4][6]" is stuck at VCC File: C:/Users/abdel/OneDrive/Documents/McMaster/Year3/3DQ5/lab1-group05-tuesday/experiment5/rtl/experiment5.sv Line: 25
    Warning (13410): Pin "SEVEN_SEGMENT_N_O[5][0]" is stuck at VCC File: C:/Users/abdel/OneDrive/Documents/McMaster/Year3/3DQ5/lab1-group05-tuesday/experiment5/rtl/experiment5.sv Line: 25
    Warning (13410): Pin "SEVEN_SEGMENT_N_O[5][1]" is stuck at VCC File: C:/Users/abdel/OneDrive/Documents/McMaster/Year3/3DQ5/lab1-group05-tuesday/experiment5/rtl/experiment5.sv Line: 25
    Warning (13410): Pin "SEVEN_SEGMENT_N_O[5][2]" is stuck at VCC File: C:/Users/abdel/OneDrive/Documents/McMaster/Year3/3DQ5/lab1-group05-tuesday/experiment5/rtl/experiment5.sv Line: 25
    Warning (13410): Pin "SEVEN_SEGMENT_N_O[5][3]" is stuck at VCC File: C:/Users/abdel/OneDrive/Documents/McMaster/Year3/3DQ5/lab1-group05-tuesday/experiment5/rtl/experiment5.sv Line: 25
    Warning (13410): Pin "SEVEN_SEGMENT_N_O[5][4]" is stuck at VCC File: C:/Users/abdel/OneDrive/Documents/McMaster/Year3/3DQ5/lab1-group05-tuesday/experiment5/rtl/experiment5.sv Line: 25
    Warning (13410): Pin "SEVEN_SEGMENT_N_O[5][5]" is stuck at VCC File: C:/Users/abdel/OneDrive/Documents/McMaster/Year3/3DQ5/lab1-group05-tuesday/experiment5/rtl/experiment5.sv Line: 25
    Warning (13410): Pin "SEVEN_SEGMENT_N_O[5][6]" is stuck at VCC File: C:/Users/abdel/OneDrive/Documents/McMaster/Year3/3DQ5/lab1-group05-tuesday/experiment5/rtl/experiment5.sv Line: 25
    Warning (13410): Pin "SEVEN_SEGMENT_N_O[6][0]" is stuck at VCC File: C:/Users/abdel/OneDrive/Documents/McMaster/Year3/3DQ5/lab1-group05-tuesday/experiment5/rtl/experiment5.sv Line: 25
    Warning (13410): Pin "SEVEN_SEGMENT_N_O[6][1]" is stuck at VCC File: C:/Users/abdel/OneDrive/Documents/McMaster/Year3/3DQ5/lab1-group05-tuesday/experiment5/rtl/experiment5.sv Line: 25
    Warning (13410): Pin "SEVEN_SEGMENT_N_O[6][2]" is stuck at VCC File: C:/Users/abdel/OneDrive/Documents/McMaster/Year3/3DQ5/lab1-group05-tuesday/experiment5/rtl/experiment5.sv Line: 25
    Warning (13410): Pin "SEVEN_SEGMENT_N_O[6][3]" is stuck at VCC File: C:/Users/abdel/OneDrive/Documents/McMaster/Year3/3DQ5/lab1-group05-tuesday/experiment5/rtl/experiment5.sv Line: 25
    Warning (13410): Pin "SEVEN_SEGMENT_N_O[6][4]" is stuck at VCC File: C:/Users/abdel/OneDrive/Documents/McMaster/Year3/3DQ5/lab1-group05-tuesday/experiment5/rtl/experiment5.sv Line: 25
    Warning (13410): Pin "SEVEN_SEGMENT_N_O[6][5]" is stuck at VCC File: C:/Users/abdel/OneDrive/Documents/McMaster/Year3/3DQ5/lab1-group05-tuesday/experiment5/rtl/experiment5.sv Line: 25
    Warning (13410): Pin "SEVEN_SEGMENT_N_O[6][6]" is stuck at VCC File: C:/Users/abdel/OneDrive/Documents/McMaster/Year3/3DQ5/lab1-group05-tuesday/experiment5/rtl/experiment5.sv Line: 25
    Warning (13410): Pin "SEVEN_SEGMENT_N_O[7][0]" is stuck at VCC File: C:/Users/abdel/OneDrive/Documents/McMaster/Year3/3DQ5/lab1-group05-tuesday/experiment5/rtl/experiment5.sv Line: 25
    Warning (13410): Pin "SEVEN_SEGMENT_N_O[7][1]" is stuck at VCC File: C:/Users/abdel/OneDrive/Documents/McMaster/Year3/3DQ5/lab1-group05-tuesday/experiment5/rtl/experiment5.sv Line: 25
    Warning (13410): Pin "SEVEN_SEGMENT_N_O[7][2]" is stuck at VCC File: C:/Users/abdel/OneDrive/Documents/McMaster/Year3/3DQ5/lab1-group05-tuesday/experiment5/rtl/experiment5.sv Line: 25
    Warning (13410): Pin "SEVEN_SEGMENT_N_O[7][3]" is stuck at VCC File: C:/Users/abdel/OneDrive/Documents/McMaster/Year3/3DQ5/lab1-group05-tuesday/experiment5/rtl/experiment5.sv Line: 25
    Warning (13410): Pin "SEVEN_SEGMENT_N_O[7][4]" is stuck at VCC File: C:/Users/abdel/OneDrive/Documents/McMaster/Year3/3DQ5/lab1-group05-tuesday/experiment5/rtl/experiment5.sv Line: 25
    Warning (13410): Pin "SEVEN_SEGMENT_N_O[7][5]" is stuck at VCC File: C:/Users/abdel/OneDrive/Documents/McMaster/Year3/3DQ5/lab1-group05-tuesday/experiment5/rtl/experiment5.sv Line: 25
    Warning (13410): Pin "SEVEN_SEGMENT_N_O[7][6]" is stuck at VCC File: C:/Users/abdel/OneDrive/Documents/McMaster/Year3/3DQ5/lab1-group05-tuesday/experiment5/rtl/experiment5.sv Line: 25
    Warning (13410): Pin "LED_GREEN_O[4]" is stuck at VCC File: C:/Users/abdel/OneDrive/Documents/McMaster/Year3/3DQ5/lab1-group05-tuesday/experiment5/rtl/experiment5.sv Line: 27
    Warning (13410): Pin "LED_GREEN_O[5]" is stuck at VCC File: C:/Users/abdel/OneDrive/Documents/McMaster/Year3/3DQ5/lab1-group05-tuesday/experiment5/rtl/experiment5.sv Line: 27
    Warning (13410): Pin "LED_GREEN_O[6]" is stuck at VCC File: C:/Users/abdel/OneDrive/Documents/McMaster/Year3/3DQ5/lab1-group05-tuesday/experiment5/rtl/experiment5.sv Line: 27
    Warning (13410): Pin "LED_GREEN_O[7]" is stuck at VCC File: C:/Users/abdel/OneDrive/Documents/McMaster/Year3/3DQ5/lab1-group05-tuesday/experiment5/rtl/experiment5.sv Line: 27
    Warning (13410): Pin "LED_GREEN_O[8]" is stuck at VCC File: C:/Users/abdel/OneDrive/Documents/McMaster/Year3/3DQ5/lab1-group05-tuesday/experiment5/rtl/experiment5.sv Line: 27
Info (286030): Timing-Driven Synthesis is running
Info (16010): Generating hard_block partition "hard_block:auto_generated_inst"
    Info (16011): Adding 0 node(s), including 0 DDIO, 0 PLL, 0 transceiver and 0 LCELL
Warning (21074): Design contains 8 input pin(s) that do not drive logic
    Warning (15610): No output dependent on input pin "PUSH_BUTTON_N_I[3]" File: C:/Users/abdel/OneDrive/Documents/McMaster/Year3/3DQ5/lab1-group05-tuesday/experiment5/rtl/experiment5.sv Line: 21
    Warning (15610): No output dependent on input pin "SWITCH_I[10]" File: C:/Users/abdel/OneDrive/Documents/McMaster/Year3/3DQ5/lab1-group05-tuesday/experiment5/rtl/experiment5.sv Line: 22
    Warning (15610): No output dependent on input pin "SWITCH_I[11]" File: C:/Users/abdel/OneDrive/Documents/McMaster/Year3/3DQ5/lab1-group05-tuesday/experiment5/rtl/experiment5.sv Line: 22
    Warning (15610): No output dependent on input pin "SWITCH_I[12]" File: C:/Users/abdel/OneDrive/Documents/McMaster/Year3/3DQ5/lab1-group05-tuesday/experiment5/rtl/experiment5.sv Line: 22
    Warning (15610): No output dependent on input pin "SWITCH_I[13]" File: C:/Users/abdel/OneDrive/Documents/McMaster/Year3/3DQ5/lab1-group05-tuesday/experiment5/rtl/experiment5.sv Line: 22
    Warning (15610): No output dependent on input pin "SWITCH_I[14]" File: C:/Users/abdel/OneDrive/Documents/McMaster/Year3/3DQ5/lab1-group05-tuesday/experiment5/rtl/experiment5.sv Line: 22
    Warning (15610): No output dependent on input pin "SWITCH_I[15]" File: C:/Users/abdel/OneDrive/Documents/McMaster/Year3/3DQ5/lab1-group05-tuesday/experiment5/rtl/experiment5.sv Line: 22
    Warning (15610): No output dependent on input pin "SWITCH_I[16]" File: C:/Users/abdel/OneDrive/Documents/McMaster/Year3/3DQ5/lab1-group05-tuesday/experiment5/rtl/experiment5.sv Line: 22
Info (21057): Implemented 238 device resources after synthesis - the final resource count might be different
    Info (21058): Implemented 23 input pins
    Info (21059): Implemented 65 output pins
    Info (21061): Implemented 150 logic cells
Info: Quartus Prime Analysis & Synthesis was successful. 0 errors, 58 warnings
    Info: Peak virtual memory: 4753 megabytes
    Info: Processing ended: Fri Sep 16 11:15:59 2022
    Info: Elapsed time: 00:00:09
    Info: Total CPU time (on all processors): 00:00:15


